<?xml version="1.0" encoding="UTF-8"?>
<!-- Generated by org.testng.reporters.JUnitReportReporter -->
<testsuite hostname="FINS-TWS-015" failures="0" tests="3" name="com.finacus.TestCase.LoginDemo" time="10.189" errors="0" timestamp="2021-11-18T17:49:25 IST" skipped="0">
  <testcase classname="com.finacus.TestCase.LoginDemo" name="toLogin" time="3.600"/>
  <system-out/>
  <testcase classname="com.finacus.TestCase.LoginDemo" name="toLogin" time="3.652"/>
  <system-out/>
  <testcase classname="com.finacus.TestCase.LoginDemo" name="toLogin" time="2.937"/>
  <system-out/>
</testsuite> <!-- com.finacus.TestCase.LoginDemo -->
