<?xml version="1.0" encoding="UTF-8"?>
<!-- Generated by org.testng.reporters.JUnitReportReporter -->
<testsuite skipped="0" hostname="FINS-TWS-015" name="com.finacus.WebPortal.TestKit" tests="6" failures="0" timestamp="2021-10-18T18:10:13 IST" time="40.760" errors="0">
  <testcase name="TC1" time="3.910" classname="com.finacus.WebPortal.TestKit"/>
  <system-out/>
  <testcase name="TC2" time="6.032" classname="com.finacus.WebPortal.TestKit"/>
  <system-out/>
  <testcase name="TC3" time="10.006" classname="com.finacus.WebPortal.TestKit"/>
  <system-out/>
  <testcase name="TC4" time="1.828" classname="com.finacus.WebPortal.TestKit"/>
  <system-out/>
  <testcase name="TC5" time="4.944" classname="com.finacus.WebPortal.TestKit"/>
  <system-out/>
  <testcase name="TC6Login" time="14.040" classname="com.finacus.WebPortal.TestKit"/>
  <system-out/>
</testsuite> <!-- com.finacus.WebPortal.TestKit -->
