<?xml version="1.0" encoding="UTF-8"?>
<!-- Generated by org.testng.reporters.JUnitReportReporter -->
<testsuite hostname="FINS-TWS-015" failures="0" tests="3" name="com.finacus.WebPortal.VSBLIB" time="83.749" errors="0" timestamp="2021-11-12T13:17:01 IST" skipped="0">
  <testcase classname="com.finacus.WebPortal.VSBLIB" name="TC1Login" time="62.039"/>
  <system-out/>
  <testcase classname="com.finacus.WebPortal.VSBLIB" name="TC2" time="21.292"/>
  <system-out/>
  <testcase classname="com.finacus.WebPortal.VSBLIB" name="TC3" time="0.418"/>
  <system-out/>
</testsuite> <!-- com.finacus.WebPortal.VSBLIB -->
